2022-02-22 22:31:36,111 : INFO : test_page1 : iphone X
2022-02-22 22:31:36,125 : INFO : test_page1 : Samsung Note 8
2022-02-22 22:31:36,138 : INFO : test_page1 : Nokia Edge
2022-02-22 22:31:36,152 : INFO : test_page1 : Blackberry
2022-02-22 22:31:42,367 : INFO : test_page1 : iphone X
2022-02-22 22:31:42,379 : INFO : test_page1 : Samsung Note 8
2022-02-22 22:31:42,391 : INFO : test_page1 : Nokia Edge
2022-02-22 22:31:42,402 : INFO : test_page1 : Blackberry
2022-02-22 22:31:48,516 : INFO : test_page1 : iphone X
2022-02-22 22:31:48,528 : INFO : test_page1 : Samsung Note 8
2022-02-22 22:31:48,540 : INFO : test_page1 : Nokia Edge
2022-02-22 22:31:48,551 : INFO : test_page1 : Blackberry
2022-02-23 00:41:44,149 : INFO : test_page1 : iphone X
2022-02-23 00:41:44,162 : INFO : test_page1 : Samsung Note 8
2022-02-23 00:41:44,177 : INFO : test_page1 : Nokia Edge
2022-02-23 00:41:44,189 : INFO : test_page1 : Blackberry
2022-02-23 00:42:03,382 : INFO : test_page1 : iphone X
2022-02-23 00:42:03,395 : INFO : test_page1 : Samsung Note 8
2022-02-23 00:42:03,407 : INFO : test_page1 : Nokia Edge
2022-02-23 00:42:03,419 : INFO : test_page1 : Blackberry
2022-02-23 00:42:21,623 : INFO : test_page1 : iphone X
2022-02-23 00:42:21,635 : INFO : test_page1 : Samsung Note 8
2022-02-23 00:42:21,647 : INFO : test_page1 : Nokia Edge
2022-02-23 00:42:21,660 : INFO : test_page1 : Blackberry
2022-02-23 00:43:48,459 : INFO : test_page1 : iphone X
2022-02-23 00:43:48,474 : INFO : test_page1 : Samsung Note 8
2022-02-23 00:43:48,486 : INFO : test_page1 : Nokia Edge
2022-02-23 00:43:48,499 : INFO : test_page1 : Blackberry
2022-02-23 00:43:54,237 : INFO : test_page1 : iphone X
2022-02-23 00:43:54,249 : INFO : test_page1 : Samsung Note 8
2022-02-23 00:43:54,260 : INFO : test_page1 : Nokia Edge
2022-02-23 00:43:54,273 : INFO : test_page1 : Blackberry
2022-02-23 00:43:59,979 : INFO : test_page1 : iphone X
2022-02-23 00:43:59,990 : INFO : test_page1 : Samsung Note 8
2022-02-23 00:44:00,002 : INFO : test_page1 : Nokia Edge
2022-02-23 00:44:00,014 : INFO : test_page1 : Blackberry
2022-02-23 00:45:34,978 : INFO : test_page1 : iphone X
2022-02-23 00:45:34,991 : INFO : test_page1 : Samsung Note 8
2022-02-23 00:45:35,003 : INFO : test_page1 : Nokia Edge
2022-02-23 00:45:35,015 : INFO : test_page1 : Blackberry
2022-02-23 00:45:53,315 : INFO : test_page1 : iphone X
2022-02-23 00:45:53,329 : INFO : test_page1 : Samsung Note 8
2022-02-23 00:45:53,343 : INFO : test_page1 : Nokia Edge
2022-02-23 00:45:53,355 : INFO : test_page1 : Blackberry
2022-02-23 00:46:11,572 : INFO : test_page1 : iphone X
2022-02-23 00:46:11,584 : INFO : test_page1 : Samsung Note 8
2022-02-23 00:46:11,597 : INFO : test_page1 : Nokia Edge
2022-02-23 00:46:11,608 : INFO : test_page1 : Blackberry
2022-02-23 05:51:44,340 : INFO : test_page1 : iphone X
2022-02-23 05:51:44,354 : INFO : test_page1 : Samsung Note 8
2022-02-23 05:51:44,367 : INFO : test_page1 : Nokia Edge
2022-02-23 05:51:44,381 : INFO : test_page1 : Blackberry
2022-02-23 05:52:02,766 : INFO : test_page1 : iphone X
2022-02-23 05:52:02,778 : INFO : test_page1 : Samsung Note 8
2022-02-23 05:52:02,791 : INFO : test_page1 : Nokia Edge
2022-02-23 05:52:02,803 : INFO : test_page1 : Blackberry
2022-02-23 05:52:21,002 : INFO : test_page1 : iphone X
2022-02-23 05:52:21,014 : INFO : test_page1 : Samsung Note 8
2022-02-23 05:52:21,027 : INFO : test_page1 : Nokia Edge
2022-02-23 05:52:21,040 : INFO : test_page1 : Blackberry
2022-02-23 06:32:20,630 : INFO : test_page1 : iphone X
2022-02-23 06:32:20,647 : INFO : test_page1 : Samsung Note 8
2022-02-23 06:32:20,659 : INFO : test_page1 : Nokia Edge
2022-02-23 06:32:20,672 : INFO : test_page1 : Blackberry
2022-02-23 06:32:39,096 : INFO : test_page1 : iphone X
2022-02-23 06:32:39,108 : INFO : test_page1 : Samsung Note 8
2022-02-23 06:32:39,120 : INFO : test_page1 : Nokia Edge
2022-02-23 06:32:39,132 : INFO : test_page1 : Blackberry
2022-02-23 06:32:57,367 : INFO : test_page1 : iphone X
2022-02-23 06:32:57,379 : INFO : test_page1 : Samsung Note 8
2022-02-23 06:32:57,391 : INFO : test_page1 : Nokia Edge
2022-02-23 06:32:57,402 : INFO : test_page1 : Blackberry
2022-02-23 06:34:10,330 : INFO : test_page1 : iphone X
2022-02-23 06:34:10,342 : INFO : test_page1 : Samsung Note 8
2022-02-23 06:34:10,355 : INFO : test_page1 : Nokia Edge
2022-02-23 06:34:10,368 : INFO : test_page1 : Blackberry
2022-02-23 06:34:28,419 : INFO : test_page1 : iphone X
2022-02-23 06:34:28,432 : INFO : test_page1 : Samsung Note 8
2022-02-23 06:34:28,444 : INFO : test_page1 : Nokia Edge
2022-02-23 06:34:28,456 : INFO : test_page1 : Blackberry
2022-02-23 06:34:46,484 : INFO : test_page1 : iphone X
2022-02-23 06:34:46,496 : INFO : test_page1 : Samsung Note 8
2022-02-23 06:34:46,508 : INFO : test_page1 : Nokia Edge
2022-02-23 06:34:46,519 : INFO : test_page1 : Blackberry
2022-02-23 06:41:12,811 : INFO : test_page1 : iphone X
2022-02-23 06:41:12,824 : INFO : test_page1 : Samsung Note 8
2022-02-23 06:41:12,837 : INFO : test_page1 : Nokia Edge
2022-02-23 06:41:12,849 : INFO : test_page1 : Blackberry
2022-02-23 06:41:46,192 : INFO : test_page1 : iphone X
2022-02-23 06:41:46,206 : INFO : test_page1 : Samsung Note 8
2022-02-23 06:41:46,219 : INFO : test_page1 : Nokia Edge
2022-02-23 06:41:46,232 : INFO : test_page1 : Blackberry
2022-02-23 06:41:52,243 : INFO : test_page1 : iphone X
2022-02-23 06:41:52,256 : INFO : test_page1 : Samsung Note 8
2022-02-23 06:41:52,268 : INFO : test_page1 : Nokia Edge
2022-02-23 06:41:52,281 : INFO : test_page1 : Blackberry
2022-02-23 06:41:58,193 : INFO : test_page1 : iphone X
2022-02-23 06:41:58,206 : INFO : test_page1 : Samsung Note 8
2022-02-23 06:41:58,218 : INFO : test_page1 : Nokia Edge
2022-02-23 06:41:58,229 : INFO : test_page1 : Blackberry
2022-02-23 06:42:33,405 : INFO : test_page1 : iphone X
2022-02-23 06:42:33,419 : INFO : test_page1 : Samsung Note 8
2022-02-23 06:42:33,432 : INFO : test_page1 : Nokia Edge
2022-02-23 06:42:33,445 : INFO : test_page1 : Blackberry
2022-02-23 06:42:39,415 : INFO : test_page1 : iphone X
2022-02-23 06:42:39,429 : INFO : test_page1 : Samsung Note 8
2022-02-23 06:42:39,442 : INFO : test_page1 : Nokia Edge
2022-02-23 06:42:39,456 : INFO : test_page1 : Blackberry
2022-02-23 06:42:45,386 : INFO : test_page1 : iphone X
2022-02-23 06:42:45,398 : INFO : test_page1 : Samsung Note 8
2022-02-23 06:42:45,410 : INFO : test_page1 : Nokia Edge
2022-02-23 06:42:45,422 : INFO : test_page1 : Blackberry
2022-02-23 06:43:18,838 : INFO : test_page1 : iphone X
2022-02-23 06:43:18,850 : INFO : test_page1 : Samsung Note 8
2022-02-23 06:43:18,863 : INFO : test_page1 : Nokia Edge
2022-02-23 06:43:18,876 : INFO : test_page1 : Blackberry
2022-02-23 06:43:25,186 : INFO : test_page1 : iphone X
2022-02-23 06:43:25,198 : INFO : test_page1 : Samsung Note 8
2022-02-23 06:43:25,211 : INFO : test_page1 : Nokia Edge
2022-02-23 06:43:25,223 : INFO : test_page1 : Blackberry
2022-02-23 06:43:31,292 : INFO : test_page1 : iphone X
2022-02-23 06:43:31,304 : INFO : test_page1 : Samsung Note 8
2022-02-23 06:43:31,316 : INFO : test_page1 : Nokia Edge
2022-02-23 06:43:31,328 : INFO : test_page1 : Blackberry
2022-02-23 06:44:34,606 : INFO : test_page1 : Name is port
2022-02-23 06:44:35,176 : INFO : test_page1 : iphone X
2022-02-23 06:44:35,189 : INFO : test_page1 : Samsung Note 8
2022-02-23 06:44:35,203 : INFO : test_page1 : Nokia Edge
2022-02-23 06:44:35,216 : INFO : test_page1 : Blackberry
2022-02-23 06:44:41,022 : INFO : test_page1 : Name is vid
2022-02-23 06:44:41,536 : INFO : test_page1 : iphone X
2022-02-23 06:44:41,548 : INFO : test_page1 : Samsung Note 8
2022-02-23 06:44:41,560 : INFO : test_page1 : Nokia Edge
2022-02-23 06:44:41,571 : INFO : test_page1 : Blackberry
2022-02-23 06:44:47,147 : INFO : test_page1 : Name is mon
2022-02-23 06:44:47,664 : INFO : test_page1 : iphone X
2022-02-23 06:44:47,676 : INFO : test_page1 : Samsung Note 8
2022-02-23 06:44:47,688 : INFO : test_page1 : Nokia Edge
2022-02-23 06:44:47,700 : INFO : test_page1 : Blackberry
2022-02-25 21:42:32,707 : INFO : test_page1 : Name is port
2022-02-25 21:42:33,315 : INFO : test_page1 : iphone X
2022-02-25 21:42:33,330 : INFO : test_page1 : Samsung Note 8
2022-02-25 21:42:33,347 : INFO : test_page1 : Nokia Edge
2022-02-25 21:42:33,361 : INFO : test_page1 : Blackberry
2022-02-25 21:42:39,213 : INFO : test_page1 : Name is vid
2022-02-25 21:42:39,761 : INFO : test_page1 : iphone X
2022-02-25 21:42:39,774 : INFO : test_page1 : Samsung Note 8
2022-02-25 21:42:39,786 : INFO : test_page1 : Nokia Edge
2022-02-25 21:42:39,798 : INFO : test_page1 : Blackberry
2022-02-25 21:42:45,370 : INFO : test_page1 : Name is mon
2022-02-25 21:42:45,906 : INFO : test_page1 : iphone X
2022-02-25 21:42:45,918 : INFO : test_page1 : Samsung Note 8
2022-02-25 21:42:45,930 : INFO : test_page1 : Nokia Edge
2022-02-25 21:42:45,943 : INFO : test_page1 : Blackberry
2022-02-25 21:53:17,474 : INFO : test_page1 : Name is port
2022-02-25 21:53:18,709 : INFO : test_page1 : iphone X
2022-02-25 21:53:18,714 : INFO : test_page1 : Samsung Note 8
2022-02-25 21:53:18,733 : INFO : test_page1 : Nokia Edge
2022-02-25 21:53:18,753 : INFO : test_page1 : Blackberry
2022-02-25 21:53:25,986 : INFO : test_page1 : Name is vid
2022-02-25 21:53:27,013 : INFO : test_page1 : iphone X
2022-02-25 21:53:27,017 : INFO : test_page1 : Samsung Note 8
2022-02-25 21:53:27,021 : INFO : test_page1 : Nokia Edge
2022-02-25 21:53:27,024 : INFO : test_page1 : Blackberry
2022-02-25 21:53:34,063 : INFO : test_page1 : Name is mon
2022-02-25 21:53:35,087 : INFO : test_page1 : iphone X
2022-02-25 21:53:35,092 : INFO : test_page1 : Samsung Note 8
2022-02-25 21:53:35,096 : INFO : test_page1 : Nokia Edge
2022-02-25 21:53:35,100 : INFO : test_page1 : Blackberry
2022-02-25 22:16:43,920 : INFO : test_page1 : Name is port
2022-02-25 22:16:44,502 : INFO : test_page1 : iphone X
2022-02-25 22:16:44,516 : INFO : test_page1 : Samsung Note 8
2022-02-25 22:16:44,530 : INFO : test_page1 : Nokia Edge
2022-02-25 22:16:44,544 : INFO : test_page1 : Blackberry
2022-02-25 22:16:50,376 : INFO : test_page1 : Name is vid
2022-02-25 22:16:50,917 : INFO : test_page1 : iphone X
2022-02-25 22:16:50,930 : INFO : test_page1 : Samsung Note 8
2022-02-25 22:16:50,943 : INFO : test_page1 : Nokia Edge
2022-02-25 22:16:50,956 : INFO : test_page1 : Blackberry
2022-02-25 22:16:56,520 : INFO : test_page1 : Name is mon
2022-02-25 22:16:57,057 : INFO : test_page1 : iphone X
2022-02-25 22:16:57,070 : INFO : test_page1 : Samsung Note 8
2022-02-25 22:16:57,083 : INFO : test_page1 : Nokia Edge
2022-02-25 22:16:57,096 : INFO : test_page1 : Blackberry
2022-05-23 11:21:14,502 : INFO : test_page1 : Name is port
2022-05-23 11:21:44,758 : INFO : test_page1 : iphone X
2022-05-23 11:21:44,770 : INFO : test_page1 : Samsung Note 8
2022-05-23 11:21:44,782 : INFO : test_page1 : Nokia Edge
2022-05-23 11:21:44,795 : INFO : test_page1 : Blackberry
2022-05-23 11:22:05,352 : INFO : test_page1 : Name is vid
2022-05-23 11:22:37,250 : INFO : test_page1 : iphone X
2022-05-23 11:22:37,262 : INFO : test_page1 : Samsung Note 8
2022-05-23 11:22:37,275 : INFO : test_page1 : Nokia Edge
2022-05-23 11:22:37,288 : INFO : test_page1 : Blackberry
2022-05-23 11:23:29,605 : INFO : test_page1 : Name is mon
2022-05-23 11:24:01,341 : INFO : test_page1 : iphone X
2022-05-23 11:24:01,354 : INFO : test_page1 : Samsung Note 8
2022-05-23 11:24:01,367 : INFO : test_page1 : Nokia Edge
2022-05-23 11:24:01,379 : INFO : test_page1 : Blackberry
